[35m[1mScanning dependencies of target nabo[0m
[  5%] [32mBuilding CXX object CMakeFiles/nabo.dir/nabo/nabo.cpp.o[0m
[ 11%] [32mBuilding CXX object CMakeFiles/nabo.dir/nabo/kdtree_cpu.cpp.o[0m
[ 17%] [32mBuilding CXX object CMakeFiles/nabo.dir/nabo/brute_force_cpu.cpp.o[0m
[ 23%] [32mBuilding CXX object CMakeFiles/nabo.dir/nabo/kdtree_opencl.cpp.o[0m
[ 29%] [32m[1mLinking CXX static library libnabo.a[0m
[ 29%] Built target nabo
[35m[1mScanning dependencies of target knnvalidate[0m
[35m[1mScanning dependencies of target knnbucketsize[0m
[35m[1mScanning dependencies of target knnepsilon[0m
[35m[1mScanning dependencies of target usage[0m
[35m[1mScanning dependencies of target knnbench[0m
[35m[1mScanning dependencies of target trivial[0m
[ 41%] [32mBuilding CXX object examples/CMakeFiles/usage.dir/usage.cpp.o[0m
[ 47%] [32mBuilding CXX object tests/CMakeFiles/knnbucketsize.dir/knnbucketsize.cpp.o[0m
[ 52%] [32mBuilding CXX object tests/CMakeFiles/knnepsilon.dir/knnepsilon.cpp.o[0m
[ 41%] [32mBuilding CXX object tests/CMakeFiles/knnvalidate.dir/knnvalidate.cpp.o[0m
[ 58%] [32mBuilding CXX object examples/CMakeFiles/trivial.dir/trivial.cpp.o[0m
[ 64%] [32mBuilding CXX object tests/CMakeFiles/knnbench.dir/knnbench.cpp.o[0m
[ 70%] [32m[1mLinking CXX executable usage[0m
[ 70%] Built target usage
[ 76%] [32m[1mLinking CXX executable trivial[0m
[ 82%] [32m[1mLinking CXX executable knnepsilon[0m
[ 82%] Built target trivial
[ 82%] Built target knnepsilon
[ 88%] [32m[1mLinking CXX executable knnbucketsize[0m
[ 88%] Built target knnbucketsize
[ 94%] [32m[1mLinking CXX executable knnbench[0m
[ 94%] Built target knnbench
[100%] [32m[1mLinking CXX executable knnvalidate[0m
[100%] Built target knnvalidate
