Symlinking /home/hzr/catkin_ws/devel/lib/pkgconfig/rti_dvl.pc
Symlinking /home/hzr/catkin_ws/devel/lib/python3/dist-packages/rti_dvl/__init__.py
Symlinking /home/hzr/catkin_ws/devel/lib/python3/dist-packages/rti_dvl/msg/__init__.py
Symlinking /home/hzr/catkin_ws/devel/lib/python3/dist-packages/rti_dvl/msg/_DVL.py
Symlinking /home/hzr/catkin_ws/devel/lib/python3/dist-packages/rti_dvl/msg/_Command.py
Symlinking /home/hzr/catkin_ws/devel/lib/python3/dist-packages/rti_dvl/msg/_BottomTrack.py
Symlinking /home/hzr/catkin_ws/devel/share/rti_dvl/cmake/rti_dvlConfig.cmake
Symlinking /home/hzr/catkin_ws/devel/share/rti_dvl/cmake/rti_dvl-msg-paths.cmake
Symlinking /home/hzr/catkin_ws/devel/share/rti_dvl/cmake/rti_dvl-msg-extras.cmake
Symlinking /home/hzr/catkin_ws/devel/share/rti_dvl/cmake/rti_dvlConfig-version.cmake
Symlinking /home/hzr/catkin_ws/devel/share/gennodejs/ros/rti_dvl/_index.js
Symlinking /home/hzr/catkin_ws/devel/share/gennodejs/ros/rti_dvl/msg/_index.js
Symlinking /home/hzr/catkin_ws/devel/share/gennodejs/ros/rti_dvl/msg/Command.js
Symlinking /home/hzr/catkin_ws/devel/share/gennodejs/ros/rti_dvl/msg/BottomTrack.js
Symlinking /home/hzr/catkin_ws/devel/share/gennodejs/ros/rti_dvl/msg/DVL.js
Symlinking /home/hzr/catkin_ws/devel/share/roseus/ros/rti_dvl/manifest.l
Symlinking /home/hzr/catkin_ws/devel/share/roseus/ros/rti_dvl/msg/DVL.l
Symlinking /home/hzr/catkin_ws/devel/share/roseus/ros/rti_dvl/msg/BottomTrack.l
Symlinking /home/hzr/catkin_ws/devel/share/roseus/ros/rti_dvl/msg/Command.l
Symlinking /home/hzr/catkin_ws/devel/share/common-lisp/ros/rti_dvl/msg/_package_Command.lisp
Symlinking /home/hzr/catkin_ws/devel/share/common-lisp/ros/rti_dvl/msg/DVL.lisp
Symlinking /home/hzr/catkin_ws/devel/share/common-lisp/ros/rti_dvl/msg/Command.lisp
Symlinking /home/hzr/catkin_ws/devel/share/common-lisp/ros/rti_dvl/msg/_package_BottomTrack.lisp
Symlinking /home/hzr/catkin_ws/devel/share/common-lisp/ros/rti_dvl/msg/_package_DVL.lisp
Symlinking /home/hzr/catkin_ws/devel/share/common-lisp/ros/rti_dvl/msg/_package.lisp
Symlinking /home/hzr/catkin_ws/devel/share/common-lisp/ros/rti_dvl/msg/rti_dvl-msg.asd
Symlinking /home/hzr/catkin_ws/devel/share/common-lisp/ros/rti_dvl/msg/BottomTrack.lisp
Symlinking /home/hzr/catkin_ws/devel/include/rti_dvl/Command.h
Symlinking /home/hzr/catkin_ws/devel/include/rti_dvl/BottomTrack.h
Symlinking /home/hzr/catkin_ws/devel/include/rti_dvl/DVL.h
