[  0%] Built target geometry_msgs_generate_messages_nodejs
[  0%] Built target geometry_msgs_generate_messages_lisp
[  0%] Built target geometry_msgs_generate_messages_py
[  0%] Built target geometry_msgs_generate_messages_eus
[  0%] Built target geometry_msgs_generate_messages_cpp
[  0%] Built target _rti_dvl_generate_messages_check_deps_DVL
[  0%] Built target _rti_dvl_generate_messages_check_deps_Command
[  0%] Built target _rti_dvl_generate_messages_check_deps_BottomTrack
[  5%] [34m[1mGenerating EusLisp code from rti_dvl/DVL.msg[0m
[ 11%] [34m[1mGenerating Javascript code from rti_dvl/DVL.msg[0m
[ 23%] [34m[1mGenerating C++ code from rti_dvl/DVL.msg[0m
[ 23%] [34m[1mGenerating Python from MSG rti_dvl/DVL[0m
[ 29%] [34m[1mGenerating Lisp code from rti_dvl/DVL.msg[0m
[ 41%] Built target rti_dvl_generate_messages_nodejs
[ 52%] Built target rti_dvl_generate_messages_lisp
[ 70%] Built target rti_dvl_generate_messages_eus
[ 82%] Built target rti_dvl_generate_messages_cpp
[ 88%] [34m[1mGenerating Python msg __init__.py for rti_dvl[0m
[100%] Built target rti_dvl_generate_messages_py
[100%] Built target rti_dvl_generate_messages
