[35m[1mScanning dependencies of target _rti_dvl_generate_messages_check_deps_BottomTrack[0m
[  0%] Built target _rti_dvl_generate_messages_check_deps_BottomTrack
[35m[1mScanning dependencies of target _rti_dvl_generate_messages_check_deps_Command[0m
[  0%] Built target _rti_dvl_generate_messages_check_deps_Command
[35m[1mScanning dependencies of target geometry_msgs_generate_messages_py[0m
[  0%] Built target geometry_msgs_generate_messages_py
[35m[1mScanning dependencies of target _rti_dvl_generate_messages_check_deps_DVL[0m
[  0%] Built target _rti_dvl_generate_messages_check_deps_DVL
[35m[1mScanning dependencies of target geometry_msgs_generate_messages_cpp[0m
[  0%] Built target geometry_msgs_generate_messages_cpp
[35m[1mScanning dependencies of target geometry_msgs_generate_messages_lisp[0m
[  0%] Built target geometry_msgs_generate_messages_lisp
[35m[1mScanning dependencies of target geometry_msgs_generate_messages_eus[0m
[  0%] Built target geometry_msgs_generate_messages_eus
[35m[1mScanning dependencies of target geometry_msgs_generate_messages_nodejs[0m
[  0%] Built target geometry_msgs_generate_messages_nodejs
[35m[1mScanning dependencies of target rti_dvl_generate_messages_py[0m
[  5%] [34m[1mGenerating Python from MSG rti_dvl/DVL[0m
[35m[1mScanning dependencies of target rti_dvl_generate_messages_cpp[0m
[ 11%] [34m[1mGenerating C++ code from rti_dvl/DVL.msg[0m
[ 17%] [34m[1mGenerating C++ code from rti_dvl/Command.msg[0m
[ 23%] [34m[1mGenerating Python from MSG rti_dvl/Command[0m
[ 29%] [34m[1mGenerating Python from MSG rti_dvl/BottomTrack[0m
[ 35%] [34m[1mGenerating C++ code from rti_dvl/BottomTrack.msg[0m
[ 41%] [34m[1mGenerating Python msg __init__.py for rti_dvl[0m
[ 41%] Built target rti_dvl_generate_messages_cpp
[35m[1mScanning dependencies of target rti_dvl_generate_messages_lisp[0m
[ 47%] [34m[1mGenerating Lisp code from rti_dvl/DVL.msg[0m
[ 52%] [34m[1mGenerating Lisp code from rti_dvl/Command.msg[0m
[ 58%] [34m[1mGenerating Lisp code from rti_dvl/BottomTrack.msg[0m
[ 58%] Built target rti_dvl_generate_messages_py
[35m[1mScanning dependencies of target rti_dvl_generate_messages_eus[0m
[ 64%] [34m[1mGenerating EusLisp code from rti_dvl/DVL.msg[0m
[ 64%] Built target rti_dvl_generate_messages_lisp
[ 70%] [34m[1mGenerating EusLisp code from rti_dvl/Command.msg[0m
[ 76%] [34m[1mGenerating EusLisp code from rti_dvl/BottomTrack.msg[0m
[35m[1mScanning dependencies of target rti_dvl_generate_messages_nodejs[0m
[ 82%] [34m[1mGenerating Javascript code from rti_dvl/DVL.msg[0m
[ 88%] [34m[1mGenerating Javascript code from rti_dvl/Command.msg[0m
[ 94%] [34m[1mGenerating EusLisp manifest code for rti_dvl[0m
[100%] [34m[1mGenerating Javascript code from rti_dvl/BottomTrack.msg[0m
[100%] Built target rti_dvl_generate_messages_nodejs
[100%] Built target rti_dvl_generate_messages_eus
[35m[1mScanning dependencies of target rti_dvl_generate_messages[0m
[100%] Built target rti_dvl_generate_messages
