[35m[1mScanning dependencies of target sensor_msgs_generate_messages_lisp[0m
[35m[1mScanning dependencies of target std_msgs_generate_messages_nodejs[0m
[35m[1mScanning dependencies of target std_msgs_generate_messages_py[0m
[35m[1mScanning dependencies of target sensor_msgs_generate_messages_nodejs[0m
[35m[1mScanning dependencies of target sensor_msgs_generate_messages_py[0m
[35m[1mScanning dependencies of target std_msgs_generate_messages_eus[0m
[35m[1mScanning dependencies of target _sonar_denoise_generate_messages_check_deps_OculusPingUncompressed[0m
[35m[1mScanning dependencies of target _sonar_denoise_generate_messages_check_deps_OculusFire[0m
[35m[1mScanning dependencies of target _sonar_denoise_generate_messages_check_deps_OculusPing[0m
[35m[1mScanning dependencies of target std_msgs_generate_messages_cpp[0m
[35m[1mScanning dependencies of target sensor_msgs_generate_messages_eus[0m
[  0%] Built target sensor_msgs_generate_messages_nodejs
[35m[1mScanning dependencies of target sensor_msgs_generate_messages_cpp[0m
[  0%] Built target sensor_msgs_generate_messages_py
[  0%] Built target std_msgs_generate_messages_py
[  0%] Built target sensor_msgs_generate_messages_lisp
[  0%] Built target std_msgs_generate_messages_eus
[35m[1mScanning dependencies of target std_msgs_generate_messages_lisp[0m
[  0%] Built target std_msgs_generate_messages_nodejs
[  0%] Built target sensor_msgs_generate_messages_eus
[  0%] Built target std_msgs_generate_messages_cpp
[  0%] Built target sensor_msgs_generate_messages_cpp
[  0%] Built target std_msgs_generate_messages_lisp
[  0%] Built target _sonar_denoise_generate_messages_check_deps_OculusFire
[  0%] Built target _sonar_denoise_generate_messages_check_deps_OculusPing
[  0%] Built target _sonar_denoise_generate_messages_check_deps_OculusPingUncompressed
[35m[1mScanning dependencies of target sonar_denoise_generate_messages_py[0m
[35m[1mScanning dependencies of target sonar_denoise_generate_messages_lisp[0m
[35m[1mScanning dependencies of target sonar_denoise_generate_messages_nodejs[0m
[35m[1mScanning dependencies of target sonar_denoise_generate_messages_eus[0m
[35m[1mScanning dependencies of target sonar_denoise_generate_messages_cpp[0m
[ 41%] [34m[1mGenerating Lisp code from sonar_denoise/OculusFire.msg[0m
[ 41%] [34m[1mGenerating Python from MSG sonar_denoise/OculusPing[0m
[ 41%] [34m[1mGenerating Javascript code from sonar_denoise/OculusPing.msg[0m
[ 41%] [34m[1mGenerating Javascript code from sonar_denoise/OculusFire.msg[0m
[ 41%] [34m[1mGenerating EusLisp code from sonar_denoise/OculusFire.msg[0m
[ 41%] [34m[1mGenerating Python from MSG sonar_denoise/OculusFire[0m
[ 41%] [34m[1mGenerating Javascript code from sonar_denoise/OculusPingUncompressed.msg[0m
[ 47%] [34m[1mGenerating EusLisp code from sonar_denoise/OculusPingUncompressed.msg[0m
[ 58%] [34m[1mGenerating EusLisp code from sonar_denoise/OculusPing.msg[0m
[ 58%] [34m[1mGenerating EusLisp manifest code for sonar_denoise[0m
[ 70%] [34m[1mGenerating Lisp code from sonar_denoise/OculusPing.msg[0m
[ 76%] [34m[1mGenerating Lisp code from sonar_denoise/OculusPingUncompressed.msg[0m
[ 82%] [34m[1mGenerating C++ code from sonar_denoise/OculusFire.msg[0m
[ 82%] [34m[1mGenerating Python from MSG sonar_denoise/OculusPingUncompressed[0m
[ 88%] [34m[1mGenerating C++ code from sonar_denoise/OculusPing.msg[0m
[ 94%] [34m[1mGenerating C++ code from sonar_denoise/OculusPingUncompressed.msg[0m
[ 94%] Built target sonar_denoise_generate_messages_nodejs
[ 94%] Built target sonar_denoise_generate_messages_lisp
[ 94%] Built target sonar_denoise_generate_messages_cpp
[100%] [34m[1mGenerating Python msg __init__.py for sonar_denoise[0m
[100%] Built target sonar_denoise_generate_messages_py
[100%] Built target sonar_denoise_generate_messages_eus
[35m[1mScanning dependencies of target sonar_denoise_generate_messages[0m
[100%] Built target sonar_denoise_generate_messages
