Linked: (/home/hzr/catkin_ws/devel/.private/sonar_denoise/lib/pkgconfig/sonar_denoise.pc, /home/hzr/catkin_ws/devel/lib/pkgconfig/sonar_denoise.pc)
Linked: (/home/hzr/catkin_ws/devel/.private/sonar_denoise/lib/python3/dist-packages/sonar_denoise/__init__.py, /home/hzr/catkin_ws/devel/lib/python3/dist-packages/sonar_denoise/__init__.py)
Linked: (/home/hzr/catkin_ws/devel/.private/sonar_denoise/lib/python3/dist-packages/sonar_denoise/msg/_OculusPingUncompressed.py, /home/hzr/catkin_ws/devel/lib/python3/dist-packages/sonar_denoise/msg/_OculusPingUncompressed.py)
Linked: (/home/hzr/catkin_ws/devel/.private/sonar_denoise/lib/python3/dist-packages/sonar_denoise/msg/__init__.py, /home/hzr/catkin_ws/devel/lib/python3/dist-packages/sonar_denoise/msg/__init__.py)
Linked: (/home/hzr/catkin_ws/devel/.private/sonar_denoise/lib/python3/dist-packages/sonar_denoise/msg/_OculusPing.py, /home/hzr/catkin_ws/devel/lib/python3/dist-packages/sonar_denoise/msg/_OculusPing.py)
Linked: (/home/hzr/catkin_ws/devel/.private/sonar_denoise/lib/python3/dist-packages/sonar_denoise/msg/_OculusFire.py, /home/hzr/catkin_ws/devel/lib/python3/dist-packages/sonar_denoise/msg/_OculusFire.py)
Linked: (/home/hzr/catkin_ws/devel/.private/sonar_denoise/lib/sonar_denoise/odom_pose.py, /home/hzr/catkin_ws/devel/lib/sonar_denoise/odom_pose.py)
Linked: (/home/hzr/catkin_ws/devel/.private/sonar_denoise/lib/sonar_denoise/sonar_imgtopoint.py, /home/hzr/catkin_ws/devel/lib/sonar_denoise/sonar_imgtopoint.py)
Linked: (/home/hzr/catkin_ws/devel/.private/sonar_denoise/lib/sonar_denoise/dvl_imu_depth.py, /home/hzr/catkin_ws/devel/lib/sonar_denoise/dvl_imu_depth.py)
Linked: (/home/hzr/catkin_ws/devel/.private/sonar_denoise/share/gennodejs/ros/sonar_denoise/_index.js, /home/hzr/catkin_ws/devel/share/gennodejs/ros/sonar_denoise/_index.js)
Linked: (/home/hzr/catkin_ws/devel/.private/sonar_denoise/share/gennodejs/ros/sonar_denoise/msg/_index.js, /home/hzr/catkin_ws/devel/share/gennodejs/ros/sonar_denoise/msg/_index.js)
Linked: (/home/hzr/catkin_ws/devel/.private/sonar_denoise/share/gennodejs/ros/sonar_denoise/msg/OculusPingUncompressed.js, /home/hzr/catkin_ws/devel/share/gennodejs/ros/sonar_denoise/msg/OculusPingUncompressed.js)
Linked: (/home/hzr/catkin_ws/devel/.private/sonar_denoise/share/gennodejs/ros/sonar_denoise/msg/OculusPing.js, /home/hzr/catkin_ws/devel/share/gennodejs/ros/sonar_denoise/msg/OculusPing.js)
Linked: (/home/hzr/catkin_ws/devel/.private/sonar_denoise/share/gennodejs/ros/sonar_denoise/msg/OculusFire.js, /home/hzr/catkin_ws/devel/share/gennodejs/ros/sonar_denoise/msg/OculusFire.js)
Linked: (/home/hzr/catkin_ws/devel/.private/sonar_denoise/share/roseus/ros/sonar_denoise/manifest.l, /home/hzr/catkin_ws/devel/share/roseus/ros/sonar_denoise/manifest.l)
Linked: (/home/hzr/catkin_ws/devel/.private/sonar_denoise/share/roseus/ros/sonar_denoise/msg/OculusFire.l, /home/hzr/catkin_ws/devel/share/roseus/ros/sonar_denoise/msg/OculusFire.l)
Linked: (/home/hzr/catkin_ws/devel/.private/sonar_denoise/share/roseus/ros/sonar_denoise/msg/OculusPingUncompressed.l, /home/hzr/catkin_ws/devel/share/roseus/ros/sonar_denoise/msg/OculusPingUncompressed.l)
Linked: (/home/hzr/catkin_ws/devel/.private/sonar_denoise/share/roseus/ros/sonar_denoise/msg/OculusPing.l, /home/hzr/catkin_ws/devel/share/roseus/ros/sonar_denoise/msg/OculusPing.l)
Linked: (/home/hzr/catkin_ws/devel/.private/sonar_denoise/share/common-lisp/ros/sonar_denoise/msg/OculusPing.lisp, /home/hzr/catkin_ws/devel/share/common-lisp/ros/sonar_denoise/msg/OculusPing.lisp)
Linked: (/home/hzr/catkin_ws/devel/.private/sonar_denoise/share/common-lisp/ros/sonar_denoise/msg/OculusFire.lisp, /home/hzr/catkin_ws/devel/share/common-lisp/ros/sonar_denoise/msg/OculusFire.lisp)
Linked: (/home/hzr/catkin_ws/devel/.private/sonar_denoise/share/common-lisp/ros/sonar_denoise/msg/sonar_denoise-msg.asd, /home/hzr/catkin_ws/devel/share/common-lisp/ros/sonar_denoise/msg/sonar_denoise-msg.asd)
Linked: (/home/hzr/catkin_ws/devel/.private/sonar_denoise/share/common-lisp/ros/sonar_denoise/msg/_package_OculusFire.lisp, /home/hzr/catkin_ws/devel/share/common-lisp/ros/sonar_denoise/msg/_package_OculusFire.lisp)
Linked: (/home/hzr/catkin_ws/devel/.private/sonar_denoise/share/common-lisp/ros/sonar_denoise/msg/OculusPingUncompressed.lisp, /home/hzr/catkin_ws/devel/share/common-lisp/ros/sonar_denoise/msg/OculusPingUncompressed.lisp)
Linked: (/home/hzr/catkin_ws/devel/.private/sonar_denoise/share/common-lisp/ros/sonar_denoise/msg/_package_OculusPing.lisp, /home/hzr/catkin_ws/devel/share/common-lisp/ros/sonar_denoise/msg/_package_OculusPing.lisp)
Linked: (/home/hzr/catkin_ws/devel/.private/sonar_denoise/share/common-lisp/ros/sonar_denoise/msg/_package.lisp, /home/hzr/catkin_ws/devel/share/common-lisp/ros/sonar_denoise/msg/_package.lisp)
Linked: (/home/hzr/catkin_ws/devel/.private/sonar_denoise/share/common-lisp/ros/sonar_denoise/msg/_package_OculusPingUncompressed.lisp, /home/hzr/catkin_ws/devel/share/common-lisp/ros/sonar_denoise/msg/_package_OculusPingUncompressed.lisp)
Linked: (/home/hzr/catkin_ws/devel/.private/sonar_denoise/share/sonar_denoise/cmake/sonar_denoise-msg-extras.cmake, /home/hzr/catkin_ws/devel/share/sonar_denoise/cmake/sonar_denoise-msg-extras.cmake)
Linked: (/home/hzr/catkin_ws/devel/.private/sonar_denoise/share/sonar_denoise/cmake/sonar_denoiseConfig.cmake, /home/hzr/catkin_ws/devel/share/sonar_denoise/cmake/sonar_denoiseConfig.cmake)
Linked: (/home/hzr/catkin_ws/devel/.private/sonar_denoise/share/sonar_denoise/cmake/sonar_denoiseConfig-version.cmake, /home/hzr/catkin_ws/devel/share/sonar_denoise/cmake/sonar_denoiseConfig-version.cmake)
Linked: (/home/hzr/catkin_ws/devel/.private/sonar_denoise/share/sonar_denoise/cmake/sonar_denoise-msg-paths.cmake, /home/hzr/catkin_ws/devel/share/sonar_denoise/cmake/sonar_denoise-msg-paths.cmake)
Linked: (/home/hzr/catkin_ws/devel/.private/sonar_denoise/include/sonar_denoise/OculusPingUncompressed.h, /home/hzr/catkin_ws/devel/include/sonar_denoise/OculusPingUncompressed.h)
Linked: (/home/hzr/catkin_ws/devel/.private/sonar_denoise/include/sonar_denoise/OculusPing.h, /home/hzr/catkin_ws/devel/include/sonar_denoise/OculusPing.h)
Linked: (/home/hzr/catkin_ws/devel/.private/sonar_denoise/include/sonar_denoise/OculusFire.h, /home/hzr/catkin_ws/devel/include/sonar_denoise/OculusFire.h)
