Symlinking /home/hzr/catkin_ws/devel/lib/pkgconfig/sonar_denoise.pc
Symlinking /home/hzr/catkin_ws/devel/lib/python3/dist-packages/sonar_denoise/__init__.py
Symlinking /home/hzr/catkin_ws/devel/lib/python3/dist-packages/sonar_denoise/msg/_OculusPingUncompressed.py
Symlinking /home/hzr/catkin_ws/devel/lib/python3/dist-packages/sonar_denoise/msg/__init__.py
Symlinking /home/hzr/catkin_ws/devel/lib/python3/dist-packages/sonar_denoise/msg/_OculusPing.py
Symlinking /home/hzr/catkin_ws/devel/lib/python3/dist-packages/sonar_denoise/msg/_OculusFire.py
Symlinking /home/hzr/catkin_ws/devel/lib/sonar_denoise/odom_pose.py
Symlinking /home/hzr/catkin_ws/devel/lib/sonar_denoise/sonar_imgtopoint.py
Symlinking /home/hzr/catkin_ws/devel/lib/sonar_denoise/dvl_imu_depth.py
Symlinking /home/hzr/catkin_ws/devel/share/gennodejs/ros/sonar_denoise/_index.js
Symlinking /home/hzr/catkin_ws/devel/share/gennodejs/ros/sonar_denoise/msg/_index.js
Symlinking /home/hzr/catkin_ws/devel/share/gennodejs/ros/sonar_denoise/msg/OculusPingUncompressed.js
Symlinking /home/hzr/catkin_ws/devel/share/gennodejs/ros/sonar_denoise/msg/OculusPing.js
Symlinking /home/hzr/catkin_ws/devel/share/gennodejs/ros/sonar_denoise/msg/OculusFire.js
Symlinking /home/hzr/catkin_ws/devel/share/roseus/ros/sonar_denoise/manifest.l
Symlinking /home/hzr/catkin_ws/devel/share/roseus/ros/sonar_denoise/msg/OculusFire.l
Symlinking /home/hzr/catkin_ws/devel/share/roseus/ros/sonar_denoise/msg/OculusPingUncompressed.l
Symlinking /home/hzr/catkin_ws/devel/share/roseus/ros/sonar_denoise/msg/OculusPing.l
Symlinking /home/hzr/catkin_ws/devel/share/common-lisp/ros/sonar_denoise/msg/OculusPing.lisp
Symlinking /home/hzr/catkin_ws/devel/share/common-lisp/ros/sonar_denoise/msg/OculusFire.lisp
Symlinking /home/hzr/catkin_ws/devel/share/common-lisp/ros/sonar_denoise/msg/sonar_denoise-msg.asd
Symlinking /home/hzr/catkin_ws/devel/share/common-lisp/ros/sonar_denoise/msg/_package_OculusFire.lisp
Symlinking /home/hzr/catkin_ws/devel/share/common-lisp/ros/sonar_denoise/msg/OculusPingUncompressed.lisp
Symlinking /home/hzr/catkin_ws/devel/share/common-lisp/ros/sonar_denoise/msg/_package_OculusPing.lisp
Symlinking /home/hzr/catkin_ws/devel/share/common-lisp/ros/sonar_denoise/msg/_package.lisp
Symlinking /home/hzr/catkin_ws/devel/share/common-lisp/ros/sonar_denoise/msg/_package_OculusPingUncompressed.lisp
Symlinking /home/hzr/catkin_ws/devel/share/sonar_denoise/cmake/sonar_denoise-msg-extras.cmake
Symlinking /home/hzr/catkin_ws/devel/share/sonar_denoise/cmake/sonar_denoiseConfig.cmake
Symlinking /home/hzr/catkin_ws/devel/share/sonar_denoise/cmake/sonar_denoiseConfig-version.cmake
Symlinking /home/hzr/catkin_ws/devel/share/sonar_denoise/cmake/sonar_denoise-msg-paths.cmake
Symlinking /home/hzr/catkin_ws/devel/include/sonar_denoise/OculusPingUncompressed.h
Symlinking /home/hzr/catkin_ws/devel/include/sonar_denoise/OculusPing.h
Symlinking /home/hzr/catkin_ws/devel/include/sonar_denoise/OculusFire.h
