Symlinking /home/hzr/catkin_ws/devel/lib/pkgconfig/bruce_msgs.pc
Symlinking /home/hzr/catkin_ws/devel/lib/python3/dist-packages/bruce_msgs/__init__.py
Symlinking /home/hzr/catkin_ws/devel/lib/python3/dist-packages/bruce_msgs/srv/_PredictSLAMUpdate.py
Symlinking /home/hzr/catkin_ws/devel/lib/python3/dist-packages/bruce_msgs/srv/_GetOccupancyMap.py
Symlinking /home/hzr/catkin_ws/devel/lib/python3/dist-packages/bruce_msgs/srv/_QueryExplorationPath.py
Symlinking /home/hzr/catkin_ws/devel/lib/python3/dist-packages/bruce_msgs/srv/__init__.py
Symlinking /home/hzr/catkin_ws/devel/lib/python3/dist-packages/bruce_msgs/msg/_ISAM2Update.py
Symlinking /home/hzr/catkin_ws/devel/lib/python3/dist-packages/bruce_msgs/msg/__init__.py
Symlinking /home/hzr/catkin_ws/devel/share/bruce_msgs/cmake/bruce_msgs-msg-extras.cmake
Symlinking /home/hzr/catkin_ws/devel/share/bruce_msgs/cmake/bruce_msgsConfig-version.cmake
Symlinking /home/hzr/catkin_ws/devel/share/bruce_msgs/cmake/bruce_msgs-msg-paths.cmake
Symlinking /home/hzr/catkin_ws/devel/share/bruce_msgs/cmake/bruce_msgsConfig.cmake
Symlinking /home/hzr/catkin_ws/devel/share/gennodejs/ros/bruce_msgs/_index.js
Symlinking /home/hzr/catkin_ws/devel/share/gennodejs/ros/bruce_msgs/srv/_index.js
Symlinking /home/hzr/catkin_ws/devel/share/gennodejs/ros/bruce_msgs/srv/GetOccupancyMap.js
Symlinking /home/hzr/catkin_ws/devel/share/gennodejs/ros/bruce_msgs/srv/QueryExplorationPath.js
Symlinking /home/hzr/catkin_ws/devel/share/gennodejs/ros/bruce_msgs/srv/PredictSLAMUpdate.js
Symlinking /home/hzr/catkin_ws/devel/share/gennodejs/ros/bruce_msgs/msg/_index.js
Symlinking /home/hzr/catkin_ws/devel/share/gennodejs/ros/bruce_msgs/msg/ISAM2Update.js
Symlinking /home/hzr/catkin_ws/devel/share/roseus/ros/bruce_msgs/manifest.l
Symlinking /home/hzr/catkin_ws/devel/share/roseus/ros/bruce_msgs/srv/PredictSLAMUpdate.l
Symlinking /home/hzr/catkin_ws/devel/share/roseus/ros/bruce_msgs/srv/GetOccupancyMap.l
Symlinking /home/hzr/catkin_ws/devel/share/roseus/ros/bruce_msgs/srv/QueryExplorationPath.l
Symlinking /home/hzr/catkin_ws/devel/share/roseus/ros/bruce_msgs/msg/ISAM2Update.l
Symlinking /home/hzr/catkin_ws/devel/share/common-lisp/ros/bruce_msgs/srv/PredictSLAMUpdate.lisp
Symlinking /home/hzr/catkin_ws/devel/share/common-lisp/ros/bruce_msgs/srv/QueryExplorationPath.lisp
Symlinking /home/hzr/catkin_ws/devel/share/common-lisp/ros/bruce_msgs/srv/GetOccupancyMap.lisp
Symlinking /home/hzr/catkin_ws/devel/share/common-lisp/ros/bruce_msgs/srv/_package_PredictSLAMUpdate.lisp
Symlinking /home/hzr/catkin_ws/devel/share/common-lisp/ros/bruce_msgs/srv/_package_GetOccupancyMap.lisp
Symlinking /home/hzr/catkin_ws/devel/share/common-lisp/ros/bruce_msgs/srv/_package_QueryExplorationPath.lisp
Symlinking /home/hzr/catkin_ws/devel/share/common-lisp/ros/bruce_msgs/srv/_package.lisp
Symlinking /home/hzr/catkin_ws/devel/share/common-lisp/ros/bruce_msgs/srv/bruce_msgs-srv.asd
Symlinking /home/hzr/catkin_ws/devel/share/common-lisp/ros/bruce_msgs/msg/bruce_msgs-msg.asd
Symlinking /home/hzr/catkin_ws/devel/share/common-lisp/ros/bruce_msgs/msg/_package.lisp
Symlinking /home/hzr/catkin_ws/devel/share/common-lisp/ros/bruce_msgs/msg/ISAM2Update.lisp
Symlinking /home/hzr/catkin_ws/devel/share/common-lisp/ros/bruce_msgs/msg/_package_ISAM2Update.lisp
Symlinking /home/hzr/catkin_ws/devel/include/bruce_msgs/QueryExplorationPathRequest.h
Symlinking /home/hzr/catkin_ws/devel/include/bruce_msgs/PredictSLAMUpdateResponse.h
Symlinking /home/hzr/catkin_ws/devel/include/bruce_msgs/QueryExplorationPathResponse.h
Symlinking /home/hzr/catkin_ws/devel/include/bruce_msgs/ISAM2Update.h
Symlinking /home/hzr/catkin_ws/devel/include/bruce_msgs/QueryExplorationPath.h
Symlinking /home/hzr/catkin_ws/devel/include/bruce_msgs/GetOccupancyMapRequest.h
Symlinking /home/hzr/catkin_ws/devel/include/bruce_msgs/PredictSLAMUpdate.h
Symlinking /home/hzr/catkin_ws/devel/include/bruce_msgs/GetOccupancyMap.h
Symlinking /home/hzr/catkin_ws/devel/include/bruce_msgs/PredictSLAMUpdateRequest.h
Symlinking /home/hzr/catkin_ws/devel/include/bruce_msgs/GetOccupancyMapResponse.h
