[35m[1mScanning dependencies of target _bruce_msgs_generate_messages_check_deps_QueryExplorationPath[0m
[35m[1mScanning dependencies of target _bruce_msgs_generate_messages_check_deps_PredictSLAMUpdate[0m
[35m[1mScanning dependencies of target sensor_msgs_generate_messages_nodejs[0m
[35m[1mScanning dependencies of target sensor_msgs_generate_messages_cpp[0m
[35m[1mScanning dependencies of target _bruce_msgs_generate_messages_check_deps_GetOccupancyMap[0m
[35m[1mScanning dependencies of target nav_msgs_generate_messages_nodejs[0m
[35m[1mScanning dependencies of target geometry_msgs_generate_messages_nodejs[0m
[35m[1mScanning dependencies of target geometry_msgs_generate_messages_lisp[0m
[35m[1mScanning dependencies of target geometry_msgs_generate_messages_py[0m
[35m[1mScanning dependencies of target nav_msgs_generate_messages_cpp[0m
[35m[1mScanning dependencies of target geometry_msgs_generate_messages_cpp[0m
[35m[1mScanning dependencies of target _bruce_msgs_generate_messages_check_deps_ISAM2Update[0m
[35m[1mScanning dependencies of target nav_msgs_generate_messages_lisp[0m
[35m[1mScanning dependencies of target sensor_msgs_generate_messages_py[0m
[35m[1mScanning dependencies of target sensor_msgs_generate_messages_lisp[0m
[  0%] Built target sensor_msgs_generate_messages_nodejs
[  0%] Built target geometry_msgs_generate_messages_nodejs
[  0%] Built target geometry_msgs_generate_messages_cpp
[  0%] Built target nav_msgs_generate_messages_nodejs
[  0%] Built target nav_msgs_generate_messages_cpp
[  0%] Built target sensor_msgs_generate_messages_cpp
[  0%] Built target sensor_msgs_generate_messages_py
[  0%] Built target geometry_msgs_generate_messages_lisp
[  0%] Built target nav_msgs_generate_messages_lisp
[  0%] Built target sensor_msgs_generate_messages_lisp
[35m[1mScanning dependencies of target nav_msgs_generate_messages_eus[0m
[35m[1mScanning dependencies of target nav_msgs_generate_messages_py[0m
[  0%] Built target geometry_msgs_generate_messages_py
[35m[1mScanning dependencies of target sensor_msgs_generate_messages_eus[0m
[  0%] Built target nav_msgs_generate_messages_py
[  0%] Built target nav_msgs_generate_messages_eus
[  0%] Built target _bruce_msgs_generate_messages_check_deps_QueryExplorationPath
[  0%] Built target _bruce_msgs_generate_messages_check_deps_GetOccupancyMap
[  0%] Built target sensor_msgs_generate_messages_eus
[35m[1mScanning dependencies of target geometry_msgs_generate_messages_eus[0m
[  0%] Built target _bruce_msgs_generate_messages_check_deps_PredictSLAMUpdate
[  0%] Built target _bruce_msgs_generate_messages_check_deps_ISAM2Update
[  0%] Built target geometry_msgs_generate_messages_eus
[35m[1mScanning dependencies of target bruce_msgs_generate_messages_cpp[0m
[35m[1mScanning dependencies of target bruce_msgs_generate_messages_nodejs[0m
[35m[1mScanning dependencies of target bruce_msgs_generate_messages_lisp[0m
[35m[1mScanning dependencies of target bruce_msgs_generate_messages_py[0m
[35m[1mScanning dependencies of target bruce_msgs_generate_messages_eus[0m
[  4%] [34m[1mGenerating C++ code from bruce_msgs/GetOccupancyMap.srv[0m
[  8%] [34m[1mGenerating C++ code from bruce_msgs/QueryExplorationPath.srv[0m
[ 13%] [34m[1mGenerating Javascript code from bruce_msgs/ISAM2Update.msg[0m
[ 17%] [34m[1mGenerating Javascript code from bruce_msgs/QueryExplorationPath.srv[0m
[ 26%] [34m[1mGenerating Lisp code from bruce_msgs/PredictSLAMUpdate.srv[0m
[ 26%] [34m[1mGenerating C++ code from bruce_msgs/PredictSLAMUpdate.srv[0m
[ 30%] [34m[1mGenerating Lisp code from bruce_msgs/ISAM2Update.msg[0m
[ 39%] [34m[1mGenerating Javascript code from bruce_msgs/PredictSLAMUpdate.srv[0m
[ 39%] [34m[1mGenerating Lisp code from bruce_msgs/QueryExplorationPath.srv[0m
[ 43%] [34m[1mGenerating Lisp code from bruce_msgs/GetOccupancyMap.srv[0m
[ 52%] [34m[1mGenerating EusLisp code from bruce_msgs/ISAM2Update.msg[0m
[ 52%] [34m[1mGenerating Javascript code from bruce_msgs/GetOccupancyMap.srv[0m
[ 56%] [34m[1mGenerating C++ code from bruce_msgs/ISAM2Update.msg[0m
[ 60%] [34m[1mGenerating Python from MSG bruce_msgs/ISAM2Update[0m
[ 65%] [34m[1mGenerating Python code from SRV bruce_msgs/QueryExplorationPath[0m
[ 69%] [34m[1mGenerating Python code from SRV bruce_msgs/PredictSLAMUpdate[0m
[ 73%] [34m[1mGenerating EusLisp code from bruce_msgs/PredictSLAMUpdate.srv[0m
[ 78%] [34m[1mGenerating EusLisp code from bruce_msgs/GetOccupancyMap.srv[0m
[ 82%] [34m[1mGenerating EusLisp code from bruce_msgs/QueryExplorationPath.srv[0m
[ 82%] Built target bruce_msgs_generate_messages_nodejs
[ 86%] [34m[1mGenerating Python code from SRV bruce_msgs/GetOccupancyMap[0m
[ 91%] [34m[1mGenerating EusLisp manifest code for bruce_msgs[0m
[ 91%] Built target bruce_msgs_generate_messages_lisp
[ 91%] Built target bruce_msgs_generate_messages_cpp
[ 95%] [34m[1mGenerating Python srv __init__.py for bruce_msgs[0m
[100%] [34m[1mGenerating Python msg __init__.py for bruce_msgs[0m
[100%] Built target bruce_msgs_generate_messages_py
[100%] Built target bruce_msgs_generate_messages_eus
[35m[1mScanning dependencies of target bruce_msgs_generate_messages[0m
[100%] Built target bruce_msgs_generate_messages
