Symlinking /home/hzr/catkin_ws/devel/lib/liblibvncxx.so
Symlinking /home/hzr/catkin_ws/devel/lib/vectornav/vnpub
Symlinking /home/hzr/catkin_ws/devel/lib/pkgconfig/vectornav.pc
Symlinking /home/hzr/catkin_ws/devel/lib/python3/dist-packages/vectornav/__init__.py
Symlinking /home/hzr/catkin_ws/devel/lib/python3/dist-packages/vectornav/msg/__init__.py
Symlinking /home/hzr/catkin_ws/devel/lib/python3/dist-packages/vectornav/msg/_Ins.py
Symlinking /home/hzr/catkin_ws/devel/share/vectornav/cmake/vectornav-msg-paths.cmake
Symlinking /home/hzr/catkin_ws/devel/share/vectornav/cmake/vectornavConfig.cmake
Symlinking /home/hzr/catkin_ws/devel/share/vectornav/cmake/vectornav-msg-extras.cmake
Symlinking /home/hzr/catkin_ws/devel/share/vectornav/cmake/vectornavConfig-version.cmake
Symlinking /home/hzr/catkin_ws/devel/share/gennodejs/ros/vectornav/_index.js
Symlinking /home/hzr/catkin_ws/devel/share/gennodejs/ros/vectornav/msg/_index.js
Symlinking /home/hzr/catkin_ws/devel/share/gennodejs/ros/vectornav/msg/Ins.js
Symlinking /home/hzr/catkin_ws/devel/share/roseus/ros/vectornav/manifest.l
Symlinking /home/hzr/catkin_ws/devel/share/roseus/ros/vectornav/msg/Ins.l
Symlinking /home/hzr/catkin_ws/devel/share/common-lisp/ros/vectornav/msg/_package_Ins.lisp
Symlinking /home/hzr/catkin_ws/devel/share/common-lisp/ros/vectornav/msg/_package.lisp
Symlinking /home/hzr/catkin_ws/devel/share/common-lisp/ros/vectornav/msg/Ins.lisp
Symlinking /home/hzr/catkin_ws/devel/share/common-lisp/ros/vectornav/msg/vectornav-msg.asd
Symlinking /home/hzr/catkin_ws/devel/include/vectornav/Ins.h
