[35m[1mScanning dependencies of target geometry_msgs_generate_messages_py[0m
[35m[1mScanning dependencies of target _kvh_gyro_generate_messages_check_deps_gyro[0m
[  0%] Built target geometry_msgs_generate_messages_py
[35m[1mScanning dependencies of target geometry_msgs_generate_messages_cpp[0m
[  0%] Built target geometry_msgs_generate_messages_cpp
[35m[1mScanning dependencies of target geometry_msgs_generate_messages_nodejs[0m
[  0%] Built target _kvh_gyro_generate_messages_check_deps_gyro
[  0%] Built target geometry_msgs_generate_messages_nodejs
[35m[1mScanning dependencies of target geometry_msgs_generate_messages_eus[0m
[  0%] Built target geometry_msgs_generate_messages_eus
[35m[1mScanning dependencies of target geometry_msgs_generate_messages_lisp[0m
[  0%] Built target geometry_msgs_generate_messages_lisp
[35m[1mScanning dependencies of target kvh_gyro_generate_messages_py[0m
[ 14%] [34m[1mGenerating Python from MSG kvh_gyro/gyro[0m
[ 28%] [34m[1mGenerating Python msg __init__.py for kvh_gyro[0m
[ 28%] Built target kvh_gyro_generate_messages_py
[35m[1mScanning dependencies of target kvh_gyro_generate_messages_cpp[0m
[ 42%] [34m[1mGenerating C++ code from kvh_gyro/gyro.msg[0m
[35m[1mScanning dependencies of target kvh_gyro_generate_messages_nodejs[0m
[ 57%] [34m[1mGenerating Javascript code from kvh_gyro/gyro.msg[0m
[ 57%] Built target kvh_gyro_generate_messages_cpp
[ 57%] Built target kvh_gyro_generate_messages_nodejs
[35m[1mScanning dependencies of target kvh_gyro_generate_messages_eus[0m
[ 71%] [34m[1mGenerating EusLisp code from kvh_gyro/gyro.msg[0m
[35m[1mScanning dependencies of target kvh_gyro_generate_messages_lisp[0m
[ 85%] [34m[1mGenerating Lisp code from kvh_gyro/gyro.msg[0m
[100%] [34m[1mGenerating EusLisp manifest code for kvh_gyro[0m
[100%] Built target kvh_gyro_generate_messages_lisp
[100%] Built target kvh_gyro_generate_messages_eus
[35m[1mScanning dependencies of target kvh_gyro_generate_messages[0m
[100%] Built target kvh_gyro_generate_messages
