Symlinking /home/hzr/catkin_ws/devel/lib/sonar_oculus/sonar_oculus_node
Symlinking /home/hzr/catkin_ws/devel/lib/pkgconfig/sonar_oculus.pc
Symlinking /home/hzr/catkin_ws/devel/lib/python3/dist-packages/sonar_oculus/__init__.py
Symlinking /home/hzr/catkin_ws/devel/lib/python3/dist-packages/sonar_oculus/cfg/__init__.py
Symlinking /home/hzr/catkin_ws/devel/lib/python3/dist-packages/sonar_oculus/cfg/OculusParamsConfig.py
Symlinking /home/hzr/catkin_ws/devel/lib/python3/dist-packages/sonar_oculus/msg/_OculusPingUncompressed.py
Symlinking /home/hzr/catkin_ws/devel/lib/python3/dist-packages/sonar_oculus/msg/__init__.py
Symlinking /home/hzr/catkin_ws/devel/lib/python3/dist-packages/sonar_oculus/msg/_OculusPing.py
Symlinking /home/hzr/catkin_ws/devel/lib/python3/dist-packages/sonar_oculus/msg/_OculusFire.py
Symlinking /home/hzr/catkin_ws/devel/share/sonar_oculus/cmake/sonar_oculusConfig-version.cmake
Symlinking /home/hzr/catkin_ws/devel/share/sonar_oculus/cmake/sonar_oculusConfig.cmake
Symlinking /home/hzr/catkin_ws/devel/share/sonar_oculus/cmake/sonar_oculus-msg-extras.cmake
Symlinking /home/hzr/catkin_ws/devel/share/sonar_oculus/cmake/sonar_oculus-msg-paths.cmake
Symlinking /home/hzr/catkin_ws/devel/share/sonar_oculus/docs/OculusParamsConfig.wikidoc
Symlinking /home/hzr/catkin_ws/devel/share/sonar_oculus/docs/OculusParamsConfig.dox
Symlinking /home/hzr/catkin_ws/devel/share/sonar_oculus/docs/OculusParamsConfig-usage.dox
Symlinking /home/hzr/catkin_ws/devel/share/gennodejs/ros/sonar_oculus/_index.js
Symlinking /home/hzr/catkin_ws/devel/share/gennodejs/ros/sonar_oculus/msg/_index.js
Symlinking /home/hzr/catkin_ws/devel/share/gennodejs/ros/sonar_oculus/msg/OculusPingUncompressed.js
Symlinking /home/hzr/catkin_ws/devel/share/gennodejs/ros/sonar_oculus/msg/OculusPing.js
Symlinking /home/hzr/catkin_ws/devel/share/gennodejs/ros/sonar_oculus/msg/OculusFire.js
Symlinking /home/hzr/catkin_ws/devel/share/roseus/ros/sonar_oculus/manifest.l
Symlinking /home/hzr/catkin_ws/devel/share/roseus/ros/sonar_oculus/msg/OculusFire.l
Symlinking /home/hzr/catkin_ws/devel/share/roseus/ros/sonar_oculus/msg/OculusPingUncompressed.l
Symlinking /home/hzr/catkin_ws/devel/share/roseus/ros/sonar_oculus/msg/OculusPing.l
Symlinking /home/hzr/catkin_ws/devel/share/common-lisp/ros/sonar_oculus/msg/OculusPing.lisp
Symlinking /home/hzr/catkin_ws/devel/share/common-lisp/ros/sonar_oculus/msg/OculusFire.lisp
Symlinking /home/hzr/catkin_ws/devel/share/common-lisp/ros/sonar_oculus/msg/_package_OculusFire.lisp
Symlinking /home/hzr/catkin_ws/devel/share/common-lisp/ros/sonar_oculus/msg/OculusPingUncompressed.lisp
Symlinking /home/hzr/catkin_ws/devel/share/common-lisp/ros/sonar_oculus/msg/_package_OculusPing.lisp
Symlinking /home/hzr/catkin_ws/devel/share/common-lisp/ros/sonar_oculus/msg/_package.lisp
Symlinking /home/hzr/catkin_ws/devel/share/common-lisp/ros/sonar_oculus/msg/_package_OculusPingUncompressed.lisp
Symlinking /home/hzr/catkin_ws/devel/share/common-lisp/ros/sonar_oculus/msg/sonar_oculus-msg.asd
Symlinking /home/hzr/catkin_ws/devel/include/sonar_oculus/OculusPingUncompressed.h
Symlinking /home/hzr/catkin_ws/devel/include/sonar_oculus/OculusParamsConfig.h
Symlinking /home/hzr/catkin_ws/devel/include/sonar_oculus/OculusPing.h
Symlinking /home/hzr/catkin_ws/devel/include/sonar_oculus/OculusFire.h
