Not searching for unused variables given on the command line.
[36m--[0m The C compiler identification is GNU 9.4.0
[36m--[0m The CXX compiler identification is GNU 9.4.0
[36m--[0m Check for working C compiler: /usr/bin/cc
[36m--[0m Check for working C compiler: /usr/bin/cc -- works
[36m--[0m Detecting C compiler ABI info
[36m--[0m Detecting C compiler ABI info - done
[36m--[0m Detecting C compile features
[36m--[0m Detecting C compile features - done
[36m--[0m Check for working CXX compiler: /usr/bin/c++
[36m--[0m Check for working CXX compiler: /usr/bin/c++ -- works
[36m--[0m Detecting CXX compiler ABI info
[36m--[0m Detecting CXX compiler ABI info - done
[36m--[0m Detecting CXX compile features
[36m--[0m Detecting CXX compile features - done
[36m--[0m No build type specified; defaulting to CMAKE_BUILD_TYPE=Release.
[36m--[0m Performing Test FLAG_WEXTRA
[36m--[0m Performing Test FLAG_WEXTRA - Success
[36m--[0m Looking for pthread.h
[36m--[0m Looking for pthread.h - found
[36m--[0m Performing Test CMAKE_HAVE_LIBC_PTHREAD
[36m--[0m Performing Test CMAKE_HAVE_LIBC_PTHREAD - Failed
[36m--[0m Looking for pthread_create in pthreads
[36m--[0m Looking for pthread_create in pthreads - not found
[36m--[0m Looking for pthread_create in pthread
[36m--[0m Looking for pthread_create in pthread - found
[36m--[0m Found Threads: TRUE
[36m--[0m Found Boost: /usr/lib/x86_64-linux-gnu/cmake/Boost-1.71.0/BoostConfig.cmake (found version "1.71.0") found components: thread filesystem system program_options date_time
[36m--[0m Found Boost: /usr/lib/x86_64-linux-gnu/cmake/Boost-1.71.0/BoostConfig.cmake (found version "1.71.0") found components: thread filesystem system program_options date_time chrono
[36m--[0m libnabo found, version 1.1.2 (include= libs=$<TARGET_FILE:libnabo::nabo>)
[36m--[0m using built-in yaml-cpp, version 0.3.0
   -- text-based configuration enabled
[36m--[0m Looking for _POSIX_TIMERS
[36m--[0m Looking for _POSIX_TIMERS - found
[36m--[0m API Documentation (doxygen): disabled
[36m--[0m Configuring done
[36m--[0m Generating done
[36m--[0m Build files have been written to: /home/hzr/catkin_ws/build/libpointmatcher
